=========================
Fcitx 5.0.23 -- Get Signal No.: 11
Date: try "date -d @1692090195" if you are using GNU date ***
ProcessID: 1240
/usr/bin/fcitx5(+0x1006c)[0x55c8f62be06c]
/usr/lib/libc.so.6(+0x39ab0)[0x7fd2b2e4fab0]
/usr/lib/fcitx5/libclassicui.so(+0x3594a)[0x7fd2b114794a]
/usr/lib/fcitx5/libclassicui.so(+0x5e08f)[0x7fd2b117008f]
/usr/lib/fcitx5/libclassicui.so(+0x25453)[0x7fd2b1137453]
/usr/lib/libFcitx5Core.so.7(_ZN5fcitx20UserInterfaceManager5flushEv+0x76)[0x7fd2b355d496]
/usr/lib/libFcitx5Core.so.7(_ZNK5fcitx8Instance9postEventERNS_5EventE+0x486)[0x7fd2b350c6c6]
/usr/lib/libFcitx5Core.so.7(_ZN5fcitx12InputContext8keyEventERNS_8KeyEventE+0xa6)[0x7fd2b352f166]
/usr/lib/fcitx5/libxim.so(+0x7c77)[0x7fd2b1951c77]
/usr/lib/libxcb-imdkit.so.1(+0xb689)[0x7fd2b1897689]
/usr/lib/libxcb-imdkit.so.1(xcb_im_filter_event+0x1e6)[0x7fd2b1897d86]
/usr/lib/fcitx5/libxim.so(+0x9cae)[0x7fd2b1953cae]
/usr/lib/fcitx5/libxcb.so(+0x24eb2)[0x7fd2b32a0eb2]
/usr/lib/libFcitx5Utils.so.2(+0x4a99f)[0x7fd2b345099f]
/usr/lib/libFcitx5Utils.so.2(+0x40e23)[0x7fd2b3446e23]
/usr/lib/libsystemd.so.0(+0x82cba)[0x7fd2b2da6cba]
/usr/lib/libsystemd.so.0(sd_event_dispatch+0x11e)[0x7fd2b2da6fde]
/usr/lib/libsystemd.so.0(sd_event_run+0x119)[0x7fd2b2da8ce9]
/usr/lib/libsystemd.so.0(sd_event_loop+0x60)[0x7fd2b2da8ec0]
/usr/lib/libFcitx5Utils.so.2(_ZN5fcitx9EventLoop4execEv+0x16)[0x7fd2b3445016]
/usr/lib/libFcitx5Core.so.7(_ZN5fcitx8Instance4execEv+0x57)[0x7fd2b350efc7]
/usr/bin/fcitx5(+0xe4e9)[0x55c8f62bc4e9]
/usr/lib/libc.so.6(+0x23850)[0x7fd2b2e39850]
/usr/lib/libc.so.6(__libc_start_main+0x8a)[0x7fd2b2e3990a]
/usr/bin/fcitx5(+0xf8f5)[0x55c8f62bd8f5]
